<?xml version="1.0" encoding="UTF-8"?>
<!-- Generated by org.testng.reporters.JUnitXMLReporter -->
<testsuite ignored="0" hostname="DESKTOP-HC6DSE1" failures="1" tests="3" name="Test" time="98.376" errors="0" timestamp="2024-07-24T11:12:56 IST">
  <testcase classname="com.comcast.crm.contact.ContactModuleTest" name="createContactTest" time="16.742"/>
  <testcase classname="com.comcast.crm.contact.ContactModuleTest" name="createContactWithOrgTest" time="34.231"/>
  <testcase classname="com.comcast.crm.contact.ContactModuleTest" name="createContactWithSupportDateTest" time="17.505">
    <failure type="java.lang.AssertionError" message="expected [false] but found [true]">
      <![CDATA[java.lang.AssertionError: expected [false] but found [true]
at com.comcast.crm.contact.ContactModuleTest.createContactWithSupportDateTest(ContactModuleTest.java:102)
at java.base/java.util.ArrayList.forEach(ArrayList.java:1511)
... Removed 33 stack frames]]>
    </failure>
  </testcase> <!-- createContactWithSupportDateTest -->
</testsuite> <!-- Test -->
